Loading source files for package numPuzzle...
Constructing Javadoc information...
Building index for all the packages and classes...
Standard Doclet version 17.0.4.1+9-LTS
Building tree for all the packages and classes...
Generating doc\numPuzzle\GameController.html...
Generating doc\numPuzzle\GameGrid.html...
Generating doc\numPuzzle\GameModel.html...
Generating doc\numPuzzle\GameView.html...
Generating doc\numPuzzle\Main.html...
Generating doc\numPuzzle\package-summary.html...
Generating doc\numPuzzle\package-tree.html...
Generating doc\serialized-form.html...
Generating doc\overview-tree.html...
Building index for all classes...
Generating doc\allclasses-index.html...
Generating doc\allpackages-index.html...
Generating doc\index-all.html...
Generating doc\index.html...
Generating doc\help-doc.html...
