Loading source files for package numPuzzle...
Constructing Javadoc information...
Creating destination directory: "doc\"
Standard Doclet version 11.0.12
Building tree for all the packages and classes...
Generating doc\numPuzzle\GameController.html...
Generating doc\numPuzzle\GameGrid.html...
Generating doc\numPuzzle\Main.html...
Generating doc\numPuzzle\package-summary.html...
Generating doc\numPuzzle\package-tree.html...
Generating doc\constant-values.html...
Generating doc\serialized-form.html...
Building index for all the packages and classes...
Generating doc\overview-tree.html...
Generating doc\index-all.html...
Building index for all classes...
Generating doc\allclasses-index.html...
Generating doc\allpackages-index.html...
Generating doc\deprecated-list.html...
Building index for all classes...
Generating doc\allclasses.html...
Generating doc\allclasses.html...
Generating doc\index.html...
Generating doc\help-doc.html...
